<?xml version="1.0" encoding="UTF-8"?>
<!-- Generated by org.testng.reporters.JUnitReportReporter -->
<testsuite skipped="0" hostname="Vinods-MacBook-Pro.local" name="testcases.InitialClassSetup" tests="1" failures="0" timestamp="06 Dec 2017 05:47:36 GMT" time="7.759" errors="0">
  <testcase name="testcase1" time="7.759" classname="testcases.InitialClassSetup"/>
</testsuite> <!-- testcases.InitialClassSetup -->
