<?xml version="1.0" encoding="UTF-8"?>
<!-- Generated by org.testng.reporters.JUnitReportReporter -->
<testsuite skipped="0" hostname="Vinods-MacBook-Pro.local" name="testcases.Initial2ClassSetup" tests="1" failures="0" timestamp="06 Dec 2017 05:47:36 GMT" time="5.297" errors="0">
  <testcase name="testcase1" time="5.297" classname="testcases.Initial2ClassSetup"/>
</testsuite> <!-- testcases.Initial2ClassSetup -->
