<?xml version="1.0" encoding="UTF-8"?>
<!-- Generated by org.testng.reporters.JUnitReportReporter -->
<testsuite skipped="0" hostname="Vinods-MacBook-Pro.local" name="testcases.InitialClassSetup" tests="1" failures="0" timestamp="10 Dec 2017 06:50:15 GMT" time="6.933" errors="0">
  <testcase name="testcase1" time="6.933" classname="testcases.InitialClassSetup"/>
</testsuite> <!-- testcases.InitialClassSetup -->
