<?xml version="1.0" encoding="UTF-8"?>
<!-- Generated by org.testng.reporters.JUnitReportReporter -->
<testsuite skipped="0" hostname="Vinods-MacBook-Pro.local" name="testcases.InitialClassSetup" tests="1" failures="0" timestamp="03 Dec 2017 22:09:48 GMT" time="5.801" errors="0">
  <testcase name="testcase1" time="5.801" classname="testcases.InitialClassSetup"/>
</testsuite> <!-- testcases.InitialClassSetup -->
