<?xml version="1.0" encoding="UTF-8"?>
<!-- Generated by org.testng.reporters.JUnitReportReporter -->
<testsuite skipped="0" hostname="Vinods-MacBook-Pro.local" name="testcases.Initial2ClassSetup" tests="1" failures="0" timestamp="04 Dec 2017 06:49:50 GMT" time="5.155" errors="0">
  <testcase name="testcase1" time="5.155" classname="testcases.Initial2ClassSetup"/>
</testsuite> <!-- testcases.Initial2ClassSetup -->
